\BOOKMARK [1][-]{section.1}{Problem Statement -1}{}% 1
\BOOKMARK [2][-]{subsection.1.1}{Algorithm and Implementation}{section.1}% 2
\BOOKMARK [2][-]{subsection.1.2}{State Diagram}{section.1}% 3
\BOOKMARK [2][-]{subsection.1.3}{Flowchart}{section.1}% 4
\BOOKMARK [2][-]{subsection.1.4}{Inference}{section.1}% 5
\BOOKMARK [2][-]{subsection.1.5}{Screenshots}{section.1}% 6
\BOOKMARK [3][-]{subsubsection.1.5.1}{Simulation}{subsection.1.5}% 7
\BOOKMARK [3][-]{subsubsection.1.5.2}{Schematic}{subsection.1.5}% 8
\BOOKMARK [1][-]{section.2}{ProblemStatement-2}{}% 9
\BOOKMARK [2][-]{subsection.2.1}{ProblemSatement}{section.2}% 10
\BOOKMARK [2][-]{subsection.2.2}{Algorithm}{section.2}% 11
\BOOKMARK [2][-]{subsection.2.3}{Flowchart}{section.2}% 12
\BOOKMARK [2][-]{subsection.2.4}{Screenshots}{section.2}% 13
\BOOKMARK [3][-]{subsubsection.2.4.1}{Simulation}{subsection.2.4}% 14
\BOOKMARK [3][-]{subsubsection.2.4.2}{Schematic}{subsection.2.4}% 15
\BOOKMARK [1][-]{section.3}{ProblemStatement-3}{}% 16
\BOOKMARK [2][-]{subsection.3.1}{Algorithm}{section.3}% 17
\BOOKMARK [2][-]{subsection.3.2}{Flowchart}{section.3}% 18
\BOOKMARK [2][-]{subsection.3.3}{Screenshots}{section.3}% 19
\BOOKMARK [3][-]{subsubsection.3.3.1}{Simulation}{subsection.3.3}% 20
\BOOKMARK [3][-]{subsubsection.3.3.2}{Schematic}{subsection.3.3}% 21
\BOOKMARK [1][-]{section*.3}{Appendices}{}% 22
\BOOKMARK [1][-]{section*.3}{References}{}% 23
